#
# An unexpected error has been detected by Java Runtime Environment:
#
#  EXCEPTION_ACCESS_VIOLATION (0xc0000005) at pc=0x62f0cc23, pid=4840, tid=5996
#
# Java VM: Java HotSpot(TM) Client VM (12.0-b01 mixed mode windows-x86)
# Problematic frame:
# C  [ocijdbc10.dll+0xcc23]
#
# If you would like to submit a bug report, please visit:
#   http://java.sun.com/webapps/bugreport/crash.jsp
# The crash happened outside the Java Virtual Machine in native code.
# See problematic frame for where to report the bug.
#

---------------  T H R E A D  ---------------

Current thread (0x0b825400):  JavaThread "AWT-EventQueue-0" [_thread_in_native, id=5996, stack(0x0bdd0000,0x0be20000)]

siginfo: ExceptionCode=0xc0000005, writing address 0x83428344

Registers:
EAX=0x0bac0460, EBX=0x00000003, ECX=0x636e6575, EDX=0x83428350
ESP=0x0be1ee38, EBP=0x00000006, ESI=0x83428344, EDI=0x4afa4af9
EIP=0x62f0cc23, EFLAGS=0x00210216

Top of Stack: (sp=0x0be1ee38)
0x0be1ee38:   62f06b40 83428344 0bac0454 0000000c
0x0be1ee48:   16fdf874 16fde760 16fdec64 00000000
0x0be1ee58:   0be1ee70 100ffacb 00000000 00000000
0x0be1ee68:   0be1ee6c 0b909ee0 0be1ee94 83428374
0x0be1ee78:   0000000c 8342834a 0000000c 00000000
0x0be1ee88:   00000006 00000000 00000000 0c8ebb5c
0x0be1ee98:   0c8ebb5c 00000000 00000000 00000000
0x0be1eea8:   00000000 00000000 00000000 00000000 

Instructions: (pc=0x62f0cc23)
0x62f0cc13:   e8 8b 48 ec 89 4a ec 8b 48 f0 89 4a f0 8b 48 f4
0x62f0cc23:   89 4a f4 8b 48 f8 89 4a f8 8b 48 fc 89 4a fc 8b 


Stack: [0x0bdd0000,0x0be20000],  sp=0x0be1ee38,  free space=315k
Native frames: (J=compiled Java code, j=interpreted, Vv=VM code, C=native code)
C  [ocijdbc10.dll+0xcc23]

Java frames: (J=compiled Java code, j=interpreted, Vv=VM code)
j  oracle.jdbc.driver.T2CStatement.t2cParseExecuteDescribe(Loracle/jdbc/driver/OracleStatement;JIIIZZZZ[BIBII[SI[B[CII[SII[B[CII[I[S[BIIIIZZ[Loracle/jdbc/driver/Accessor;[[[B[J[BI[CI[SIZ)I+0
j  oracle.jdbc.driver.T2CPreparedStatement.executeForDescribe()V+260
j  oracle.jdbc.driver.T2CPreparedStatement.executeForRows(Z)V+41
j  oracle.jdbc.driver.OracleStatement.doExecuteWithTimeout()V+275
j  oracle.jdbc.driver.OracleStatement.doScrollExecuteCommon()V+27
j  oracle.jdbc.driver.OraclePreparedStatement.doScrollPstmtExecuteUpdate()I+1
j  oracle.jdbc.driver.OraclePreparedStatement.executeInternal()I+84
j  oracle.jdbc.driver.OraclePreparedStatement.execute()Z+17
j  model.atualizaDao.ProcessaEntrada(Ljava/lang/String;)V+180
j  atualiza.Principal.jButton1ActionPerformed(Ljava/awt/event/ActionEvent;)V+34
j  atualiza.Principal.access$000(Latualiza/Principal;Ljava/awt/event/ActionEvent;)V+2
j  atualiza.Principal$1.actionPerformed(Ljava/awt/event/ActionEvent;)V+5
j  javax.swing.AbstractButton.fireActionPerformed(Ljava/awt/event/ActionEvent;)V+84
j  javax.swing.AbstractButton$Handler.actionPerformed(Ljava/awt/event/ActionEvent;)V+5
j  javax.swing.DefaultButtonModel.fireActionPerformed(Ljava/awt/event/ActionEvent;)V+35
j  javax.swing.DefaultButtonModel.setPressed(Z)V+117
j  javax.swing.plaf.basic.BasicButtonListener.mouseReleased(Ljava/awt/event/MouseEvent;)V+35
j  java.awt.Component.processMouseEvent(Ljava/awt/event/MouseEvent;)V+64
j  javax.swing.JComponent.processMouseEvent(Ljava/awt/event/MouseEvent;)V+23
j  java.awt.Component.processEvent(Ljava/awt/AWTEvent;)V+81
j  java.awt.Container.processEvent(Ljava/awt/AWTEvent;)V+18
j  java.awt.Component.dispatchEventImpl(Ljava/awt/AWTEvent;)V+585
j  java.awt.Container.dispatchEventImpl(Ljava/awt/AWTEvent;)V+42
j  java.awt.Component.dispatchEvent(Ljava/awt/AWTEvent;)V+2
j  java.awt.LightweightDispatcher.retargetMouseEvent(Ljava/awt/Component;ILjava/awt/event/MouseEvent;)V+320
j  java.awt.LightweightDispatcher.processMouseEvent(Ljava/awt/event/MouseEvent;)Z+139
j  java.awt.LightweightDispatcher.dispatchEvent(Ljava/awt/AWTEvent;)Z+50
j  java.awt.Container.dispatchEventImpl(Ljava/awt/AWTEvent;)V+12
j  java.awt.Window.dispatchEventImpl(Ljava/awt/AWTEvent;)V+19
j  java.awt.Component.dispatchEvent(Ljava/awt/AWTEvent;)V+2
j  java.awt.EventQueue.dispatchEvent(Ljava/awt/AWTEvent;)V+46
j  java.awt.EventDispatchThread.pumpOneEventForFilters(I)Z+192
j  java.awt.EventDispatchThread.pumpEventsForFilter(ILjava/awt/Conditional;Ljava/awt/EventFilter;)V+30
j  java.awt.EventDispatchThread.pumpEventsForHierarchy(ILjava/awt/Conditional;Ljava/awt/Component;)V+11
j  java.awt.EventDispatchThread.pumpEvents(ILjava/awt/Conditional;)V+4
j  java.awt.EventDispatchThread.pumpEvents(Ljava/awt/Conditional;)V+3
j  java.awt.EventDispatchThread.run()V+9
v  ~StubRoutines::call_stub

---------------  P R O C E S S  ---------------

Java Threads: ( => current thread )
  0x00cb9000 JavaThread "DestroyJavaVM" [_thread_blocked, id=6116, stack(0x000c0000,0x00110000)]
=>0x0b825400 JavaThread "AWT-EventQueue-0" [_thread_in_native, id=5996, stack(0x0bdd0000,0x0be20000)]
  0x0b824c00 JavaThread "AWT-Windows" daemon [_thread_in_native, id=5948, stack(0x0bd80000,0x0bdd0000)]
  0x0b822000 JavaThread "AWT-Shutdown" [_thread_blocked, id=4808, stack(0x0bd30000,0x0bd80000)]
  0x0b821c00 JavaThread "Java2D Disposer" daemon [_thread_blocked, id=5620, stack(0x0b6c0000,0x0b710000)]
  0x01208000 JavaThread "Low Memory Detector" daemon [_thread_blocked, id=2944, stack(0x0b420000,0x0b470000)]
  0x01201c00 JavaThread "CompilerThread0" daemon [_thread_blocked, id=3000, stack(0x0b3d0000,0x0b420000)]
  0x011f3c00 JavaThread "JDWP Command Reader" daemon [_thread_in_native, id=4388, stack(0x0b380000,0x0b3d0000)]
  0x011f3400 JavaThread "JDWP Event Helper Thread" daemon [_thread_blocked, id=1316, stack(0x0b330000,0x0b380000)]
  0x011f1c00 JavaThread "JDWP Transport Listener: dt_shmem" daemon [_thread_blocked, id=4124, stack(0x0b2e0000,0x0b330000)]
  0x011ea400 JavaThread "Attach Listener" daemon [_thread_blocked, id=6024, stack(0x0b290000,0x0b2e0000)]
  0x011e1800 JavaThread "Signal Dispatcher" daemon [_thread_blocked, id=3672, stack(0x0b240000,0x0b290000)]
  0x011cec00 JavaThread "Finalizer" daemon [_thread_blocked, id=2756, stack(0x00d10000,0x00d60000)]
  0x011ca000 JavaThread "Reference Handler" daemon [_thread_blocked, id=5748, stack(0x00cc0000,0x00d10000)]

Other Threads:
  0x011c6400 VMThread [stack: 0x00c30000,0x00c80000] [id=4448]
  0x0121b400 WatcherThread [stack: 0x0b470000,0x0b4c0000] [id=4628]

VM state:not at safepoint (normal execution)

VM Mutex/Monitor currently owned by a thread: None

Heap
 def new generation   total 960K, used 349K [0x03240000, 0x03340000, 0x03720000)
  eden space 896K,  31% used [0x03240000, 0x03287770, 0x03320000)
  from space 64K, 100% used [0x03330000, 0x03340000, 0x03340000)
  to   space 64K,   0% used [0x03320000, 0x03320000, 0x03330000)
 tenured generation   total 4096K, used 2730K [0x03720000, 0x03b20000, 0x07240000)
   the space 4096K,  66% used [0x03720000, 0x039cab70, 0x039cac00, 0x03b20000)
 compacting perm gen  total 12288K, used 10212K [0x07240000, 0x07e40000, 0x0b240000)
   the space 12288K,  83% used [0x07240000, 0x07c392e0, 0x07c39400, 0x07e40000)
No shared spaces configured.

Dynamic libraries:
0x00400000 - 0x00423000 	C:\Program Files\Java\jdk1.7.0\bin\java.exe
0x77a00000 - 0x77b1e000 	C:\Windows\system32\ntdll.dll
0x76af0000 - 0x76bc8000 	C:\Windows\system32\kernel32.dll
0x778f0000 - 0x779af000 	C:\Windows\system32\ADVAPI32.dll
0x76a10000 - 0x76ad3000 	C:\Windows\system32\RPCRT4.dll
0x768c0000 - 0x7695e000 	C:\Windows\system32\USER32.dll
0x779b0000 - 0x779fb000 	C:\Windows\system32\GDI32.dll
0x77840000 - 0x7785e000 	C:\Windows\system32\IMM32.DLL
0x77720000 - 0x777e7000 	C:\Windows\system32\MSCTF.dll
0x76960000 - 0x76a0a000 	C:\Windows\system32\msvcrt.dll
0x763e0000 - 0x763e9000 	C:\Windows\system32\LPK.DLL
0x776a0000 - 0x7771d000 	C:\Windows\system32\USP10.dll
0x7c340000 - 0x7c396000 	C:\Program Files\Java\jdk1.7.0\jre\bin\msvcr71.dll
0x6d7c0000 - 0x6da14000 	C:\Program Files\Java\jdk1.7.0\jre\bin\client\jvm.dll
0x74ae0000 - 0x74b13000 	C:\Windows\system32\WINMM.dll
0x76710000 - 0x76854000 	C:\Windows\system32\ole32.dll
0x76680000 - 0x7670c000 	C:\Windows\system32\OLEAUT32.dll
0x74aa0000 - 0x74ad8000 	C:\Windows\system32\OLEACC.dll
0x760e0000 - 0x7610c000 	C:\Windows\system32\apphelp.dll
0x6d210000 - 0x6d218000 	C:\Program Files\Java\jdk1.7.0\jre\bin\hpi.dll
0x76210000 - 0x76217000 	C:\Windows\system32\PSAPI.DLL
0x6d2e0000 - 0x6d30a000 	C:\Program Files\Java\jdk1.7.0\jre\bin\jdwp.dll
0x6d680000 - 0x6d686000 	C:\Program Files\Java\jdk1.7.0\jre\bin\npt.dll
0x6d770000 - 0x6d77c000 	C:\Program Files\Java\jdk1.7.0\jre\bin\verify.dll
0x6d290000 - 0x6d2af000 	C:\Program Files\Java\jdk1.7.0\jre\bin\java.dll
0x6d7b0000 - 0x6d7bf000 	C:\Program Files\Java\jdk1.7.0\jre\bin\zip.dll
0x6d1a0000 - 0x6d1a8000 	C:\Program Files\Java\jdk1.7.0\jre\bin\dt_shmem.dll
0x6d000000 - 0x6d12c000 	C:\Program Files\Java\jdk1.7.0\jre\bin\awt.dll
0x72dc0000 - 0x72e01000 	C:\Windows\system32\WINSPOOL.DRV
0x76bd0000 - 0x7769e000 	C:\Windows\system32\SHELL32.dll
0x76860000 - 0x768b5000 	C:\Windows\system32\SHLWAPI.dll
0x75070000 - 0x75204000 	C:\Windows\WinSxS\x86_microsoft.windows.common-controls_6595b64144ccf1df_6.0.6000.16386_none_5d07289e07e1d100\comctl32.dll
0x752b0000 - 0x752ef000 	C:\Windows\system32\uxtheme.dll
0x6d1e0000 - 0x6d207000 	C:\Program Files\Java\jdk1.7.0\jre\bin\fontmanager.dll
0x6d720000 - 0x6d751000 	C:\Program Files\Java\jdk1.7.0\jre\bin\t2k.dll
0x6d530000 - 0x6d546000 	C:\Program Files\Java\jdk1.7.0\jre\bin\net.dll
0x76470000 - 0x7649d000 	C:\Windows\system32\WS2_32.dll
0x77b50000 - 0x77b56000 	C:\Windows\system32\NSI.dll
0x75930000 - 0x7596b000 	C:\Windows\system32\mswsock.dll
0x75990000 - 0x75996000 	C:\Windows\System32\wship6.dll
0x6d550000 - 0x6d559000 	C:\Program Files\Java\jdk1.7.0\jre\bin\nio.dll
0x77860000 - 0x778e4000 	C:\Windows\system32\CLBCatQ.DLL
0x62f00000 - 0x62f13000 	C:\Windows\System32\ocijdbc10.dll
0x10000000 - 0x10082000 	C:\Windows\system32\OCI.dll
0x10090000 - 0x170d1000 	C:\Windows\system32\OraOCIEI11.dll
0x75b70000 - 0x75b89000 	C:\Windows\system32\iphlpapi.dll
0x75b30000 - 0x75b65000 	C:\Windows\system32\dhcpcsvc.DLL
0x75da0000 - 0x75dcb000 	C:\Windows\system32\DNSAPI.dll
0x76140000 - 0x76154000 	C:\Windows\system32\Secur32.dll
0x75b20000 - 0x75b27000 	C:\Windows\system32\WINNSI.DLL
0x75b00000 - 0x75b20000 	C:\Windows\system32\dhcpcsvc6.DLL
0x75c10000 - 0x75d01000 	C:\Windows\system32\CRYPT32.dll
0x75d60000 - 0x75d72000 	C:\Windows\system32\MSASN1.dll
0x76160000 - 0x7617e000 	C:\Windows\system32\USERENV.dll
0x72810000 - 0x728ec000 	C:\Windows\system32\dbghelp.dll
0x748e0000 - 0x748ef000 	C:\Windows\system32\NLAapi.dll
0x727b0000 - 0x727b8000 	C:\Windows\System32\winrnr.dll
0x76630000 - 0x76679000 	C:\Windows\system32\WLDAP32.dll
0x725f0000 - 0x725ff000 	C:\Windows\system32\napinsp.dll
0x725b0000 - 0x725c2000 	C:\Windows\system32\pnrpnsp.dll
0x725e0000 - 0x725ec000 	C:\Windows\system32\wshbth.dll
0x764a0000 - 0x76629000 	C:\Windows\system32\SETUPAPI.dll
0x72ef0000 - 0x72ef6000 	C:\Windows\system32\rasadhlp.dll
0x755e0000 - 0x755e6000 	C:\Windows\System32\wshtcpip.dll

VM Arguments:
jvm_args: -Xdebug -Xrunjdwp:transport=dt_shmem,address=javadebug -Dfile.encoding=UTF-8 
java_command: atualiza.Principal
Launcher Type: SUN_STANDARD

Environment Variables:
PATH=C:\oracle\product\10.2.0\client_2;C:\oracle\product\10.2.0\client_1;C:\Windows\system32;C:\Windows;C:\Windows\System32\Wbem;C:\Program Files\TortoiseSVN\bin;C:\Program Files\QuickTime\QTSystem\;C:\Program Files\DRSiga;C:\Program Files\DRSiga\oracle;C:\Program Files\MySQL\MySQL Server 5.1\bin;C:\Program Files\Java\jdk1.7.0\bin;;;C:\Program Files\Common Files\Ahead\Lib\
USERNAME=Administrador
OS=Windows_NT
PROCESSOR_IDENTIFIER=x86 Family 6 Model 14 Stepping 8, GenuineIntel



---------------  S Y S T E M  ---------------

OS: Windows Vista Build 6000 

CPU:total 2 (2 cores per cpu, 1 threads per core) family 6 model 14 stepping 8, cmov, cx8, fxsr, mmx, sse, sse2, sse3

Memory: 4k page, physical 1963584k(772304k free), swap 4143532k(2102604k free)

vm_info: Java HotSpot(TM) Client VM (12.0-b01) for windows-x86 JRE (1.7.0-ea-b24), built on Dec  4 2007 02:35:35 by "java_re" with MS VC++ 7.1

time: Mon Sep 27 17:49:38 2010
elapsed time: 19 seconds

